生成启动时间为 2019/2/20 11:30:13。
     1>项目“C:\Users\82312\Documents\Visual Studio 2013\Projects\TextSimilarity\TextSimilarity\TextSimilarity.vcxproj”在节点 2 上(Rebuild 个目标)。
     1>ClCompile:
         E:\vs\VC\bin\CL.exe /c /IF:\vs2013\cppjieba\include /IF:\vs2013 /Zi /nologo /W3 /WX- /sdl /O2 /Oi /Oy- /GL /D WIN32 /D _CONSOLE /D _MBCS /Gm- /EHsc /MD /GS /Gy /fp:precise /Zc:wchar_t /Zc:forScope /Fo"Release\\" /Fd"Release\vc120.pdb" /Gd /TP /analyze- /errorReport:prompt demo.cpp test.cpp textsimilarity.cpp
         demo.cpp
         test.cpp
     1>f:\vs2013\cppjieba\include\cppjieba\limonp/StringUtil.hpp(83): warning C4800: “int”: 将值强制为布尔值“true”或“false”(性能警告)
         textsimilarity.cpp
     1>f:\vs2013\cppjieba\include\cppjieba\limonp/StringUtil.hpp(83): warning C4800: “int”: 将值强制为布尔值“true”或“false”(性能警告)
     1>textsimilarity.cpp(153): warning C4018: “<”: 有符号/无符号不匹配
       Link:
         E:\vs\VC\bin\link.exe /ERRORREPORT:PROMPT /OUT:"C:\Users\82312\Documents\Visual Studio 2013\Projects\TextSimilarity\Release\TextSimilarity.exe" /NOLOGO kernel32.lib user32.lib gdi32.lib winspool.lib comdlg32.lib advapi32.lib shell32.lib ole32.lib oleaut32.lib uuid.lib odbc32.lib odbccp32.lib /MANIFEST /MANIFESTUAC:"level='asInvoker' uiAccess='false'" /manifest:embed /DEBUG /PDB:"C:\Users\82312\Documents\Visual Studio 2013\Projects\TextSimilarity\Release\TextSimilarity.pdb" /SUBSYSTEM:CONSOLE /OPT:REF /OPT:ICF /LTCG /TLBID:1 /DYNAMICBASE /NXCOMPAT /IMPLIB:"C:\Users\82312\Documents\Visual Studio 2013\Projects\TextSimilarity\Release\TextSimilarity.lib" /MACHINE:X86 /SAFESEH Release\demo.obj
         Release\test.obj
         Release\textsimilarity.obj
         正在生成代码
         已完成代码的生成
         TextSimilarity.vcxproj -> C:\Users\82312\Documents\Visual Studio 2013\Projects\TextSimilarity\Release\TextSimilarity.exe
     1>已完成生成项目“C:\Users\82312\Documents\Visual Studio 2013\Projects\TextSimilarity\TextSimilarity\TextSimilarity.vcxproj”(Rebuild 个目标)的操作。

生成成功。

已用时间 00:00:05.42
