生成启动时间为 2018/6/2 17:06:09。
     1>项目“C:\Users\82312\Documents\Visual Studio 2013\Projects\通讯录\通讯录\通讯录.vcxproj”在节点 2 上(Build 个目标)。
     1>ClCompile:
         E:\vs\VC\bin\CL.exe /c /ZI /nologo /W3 /WX- /sdl /Od /Oy- /D _UNICODE /D UNICODE /Gm /EHsc /RTC1 /MDd /GS /fp:precise /Zc:wchar_t /Zc:forScope /Fo"Debug\\" /Fd"Debug\vc120.pdb" /Gd /TC /analyze- /errorReport:prompt test.c
         test.c
     1>c:\users\82312\documents\visual studio 2013\projects\通讯录\通讯录\test.c(139): warning C4047: “函数”:“char *”与“int”的间接级别不同
     1>c:\users\82312\documents\visual studio 2013\projects\通讯录\通讯录\test.c(139): warning C4024: “strcpy”: 形参和实参 1 的类型不同
     1>c:\users\82312\documents\visual studio 2013\projects\通讯录\通讯录\test.c(139): warning C4047: “函数”:“const char *”与“unsigned int”的间接级别不同
     1>c:\users\82312\documents\visual studio 2013\projects\通讯录\通讯录\test.c(139): warning C4024: “strcpy”: 形参和实参 2 的类型不同
     1>c:\users\82312\documents\visual studio 2013\projects\通讯录\通讯录\test.c(140): warning C4047: “函数”:“char *”与“unsigned int”的间接级别不同
     1>c:\users\82312\documents\visual studio 2013\projects\通讯录\通讯录\test.c(140): warning C4024: “strcpy”: 形参和实参 1 的类型不同
     1>c:\users\82312\documents\visual studio 2013\projects\通讯录\通讯录\test.c(140): warning C4047: “函数”:“const char *”与“unsigned int”的间接级别不同
     1>c:\users\82312\documents\visual studio 2013\projects\通讯录\通讯录\test.c(140): warning C4024: “strcpy”: 形参和实参 2 的类型不同
     1>c:\users\82312\documents\visual studio 2013\projects\通讯录\通讯录\test.c(141): warning C4047: “函数”:“char *”与“unsigned int”的间接级别不同
     1>c:\users\82312\documents\visual studio 2013\projects\通讯录\通讯录\test.c(141): warning C4024: “strcpy”: 形参和实参 1 的类型不同
     1>c:\users\82312\documents\visual studio 2013\projects\通讯录\通讯录\test.c(141): warning C4047: “函数”:“const char *”与“int”的间接级别不同
     1>c:\users\82312\documents\visual studio 2013\projects\通讯录\通讯录\test.c(141): warning C4024: “strcpy”: 形参和实参 2 的类型不同
     1>c:\users\82312\documents\visual studio 2013\projects\通讯录\通讯录\test.c(202): warning C4047: “函数”:“person *”与“person **”的间接级别不同
     1>c:\users\82312\documents\visual studio 2013\projects\通讯录\通讯录\test.c(202): warning C4024: “clear”: 形参和实参 1 的类型不同
     1>c:\users\82312\documents\visual studio 2013\projects\通讯录\通讯录\test.c(208): warning C4550: 表达式计算为缺少参数列表的函数
       Link:
         E:\vs\VC\bin\link.exe /ERRORREPORT:PROMPT /OUT:"C:\Users\82312\Documents\Visual Studio 2013\Projects\通讯录\Debug\通讯录.exe" /INCREMENTAL /NOLOGO kernel32.lib user32.lib gdi32.lib winspool.lib comdlg32.lib advapi32.lib shell32.lib ole32.lib oleaut32.lib uuid.lib odbc32.lib odbccp32.lib /MANIFEST /MANIFESTUAC:"level='asInvoker' uiAccess='false'" /manifest:embed /DEBUG /PDB:"C:\Users\82312\Documents\Visual Studio 2013\Projects\通讯录\Debug\通讯录.pdb" /SUBSYSTEM:CONSOLE /TLBID:1 /DYNAMICBASE /NXCOMPAT /IMPLIB:"C:\Users\82312\Documents\Visual Studio 2013\Projects\通讯录\Debug\通讯录.lib" /MACHINE:X86 Debug\test.obj
         通讯录.vcxproj -> C:\Users\82312\Documents\Visual Studio 2013\Projects\通讯录\Debug\通讯录.exe
     1>已完成生成项目“C:\Users\82312\Documents\Visual Studio 2013\Projects\通讯录\通讯录\通讯录.vcxproj”(Build 个目标)的操作。

生成成功。

已用时间 00:00:00.42
