生成启动时间为 2019/2/23 15:02:21。
     1>项目“C:\Users\82312\Documents\Visual Studio 2013\Projects\Sort\Sort\Sort.vcxproj”在节点 2 上(Rebuild 个目标)。
     1>ClCompile:
         E:\vs\VC\bin\CL.exe /c /ZI /nologo /W3 /WX- /sdl /Od /Oy- /D _MBCS /Gm /EHsc /RTC1 /MDd /GS /fp:precise /Zc:wchar_t /Zc:forScope /Fo"Debug\\" /Fd"Debug\vc120.pdb" /Gd /TC /analyze- /errorReport:prompt ..\..\Stack\Stack\Stack.c Sort.c test.c
         test.c
     1>c:\users\82312\documents\visual studio 2013\projects\sort\sort\test.c(6): warning C4047: “函数”:“int *”与“int (*)[10]”的间接级别不同
     1>c:\users\82312\documents\visual studio 2013\projects\sort\sort\test.c(6): warning C4024: “PrintSort”: 形参和实参 1 的类型不同
     1>c:\users\82312\documents\visual studio 2013\projects\sort\sort\test.c(13): warning C4047: “函数”:“int *”与“int (*)[10]”的间接级别不同
     1>c:\users\82312\documents\visual studio 2013\projects\sort\sort\test.c(13): warning C4024: “MergeSort”: 形参和实参 1 的类型不同
     1>c:\users\82312\documents\visual studio 2013\projects\sort\sort\test.c(15): warning C4047: “函数”:“int *”与“int (*)[10]”的间接级别不同
     1>c:\users\82312\documents\visual studio 2013\projects\sort\sort\test.c(15): warning C4024: “PrintSort”: 形参和实参 1 的类型不同
         Sort.c
     1>c:\users\82312\documents\visual studio 2013\projects\sort\sort\sort.c(310): warning C4552: “<<”: 运算符不起任何作用；应输入带副作用的运算符
         Stack.c
         正在生成代码...
       Link:
         E:\vs\VC\bin\link.exe /ERRORREPORT:PROMPT /OUT:"C:\Users\82312\Documents\Visual Studio 2013\Projects\Sort\Debug\Sort.exe" /INCREMENTAL /NOLOGO kernel32.lib user32.lib gdi32.lib winspool.lib comdlg32.lib advapi32.lib shell32.lib ole32.lib oleaut32.lib uuid.lib odbc32.lib odbccp32.lib /MANIFEST /MANIFESTUAC:"level='asInvoker' uiAccess='false'" /manifest:embed /DEBUG /PDB:"C:\Users\82312\Documents\Visual Studio 2013\Projects\Sort\Debug\Sort.pdb" /SUBSYSTEM:CONSOLE /TLBID:1 /DYNAMICBASE /NXCOMPAT /IMPLIB:"C:\Users\82312\Documents\Visual Studio 2013\Projects\Sort\Debug\Sort.lib" /MACHINE:X86 Debug\Stack.obj
         Debug\Sort.obj
         Debug\test.obj
         Sort.vcxproj -> C:\Users\82312\Documents\Visual Studio 2013\Projects\Sort\Debug\Sort.exe
     1>已完成生成项目“C:\Users\82312\Documents\Visual Studio 2013\Projects\Sort\Sort\Sort.vcxproj”(Rebuild 个目标)的操作。

生成成功。

已用时间 00:00:03.83
