生成启动时间为 2019/6/18 18:07:52。
     1>项目“C:\Users\82312\Documents\Visual Studio 2013\Projects\MFCApplication3\MFCApplication3\MFCApplication3.vcxproj”在节点 2 上(Rebuild 个目标)。
     1>ClCompile:
         E:\vs\VC\bin\CL.exe /c /ZI /nologo /W3 /WX- /sdl /Od /Oy- /D WIN32 /D _WINDOWS /D _DEBUG /D _CRT_SECURE_NO_WARNINGS /D _UNICODE /D UNICODE /D _AFXDLL /Gm /EHsc /RTC1 /MDd /GS /fp:precise /Zc:wchar_t /Zc:forScope /Yc"stdafx.h" /Fp"Debug\MFCApplication3.pch" /Fo"Debug\\" /Fd"Debug\vc120.pdb" /Gd /TP /analyze- /errorReport:prompt stdafx.cpp
         stdafx.cpp
         E:\vs\VC\bin\CL.exe /c /ZI /nologo /W3 /WX- /sdl /Od /Oy- /D WIN32 /D _WINDOWS /D _DEBUG /D _CRT_SECURE_NO_WARNINGS /D _UNICODE /D UNICODE /D _AFXDLL /Gm /EHsc /RTC1 /MDd /GS /fp:precise /Zc:wchar_t /Zc:forScope /Yu"stdafx.h" /Fp"Debug\MFCApplication3.pch" /Fo"Debug\\" /Fd"Debug\vc120.pdb" /Gd /TP /analyze- /errorReport:prompt MFCApplication3.cpp MFCApplication3Dlg.cpp
         MFCApplication3Dlg.cpp
     1>c:\users\82312\documents\visual studio 2013\projects\mfcapplication3\mfcapplication3\mfcapplication3dlg.h(1): warning C4005: “_CRT_SECURE_NO_WARNINGS”: 宏重定义
                 命令行参数: 参见前面的“_CRT_SECURE_NO_WARNINGS”定义
         MFCApplication3.cpp
     1>c:\users\82312\documents\visual studio 2013\projects\mfcapplication3\mfcapplication3\mfcapplication3dlg.h(1): warning C4005: “_CRT_SECURE_NO_WARNINGS”: 宏重定义
                 命令行参数: 参见前面的“_CRT_SECURE_NO_WARNINGS”定义
         正在生成代码...
       ResourceCompile:
         C:\Program Files (x86)\Windows Kits\8.1\bin\x86\rc.exe /D _DEBUG /D _UNICODE /D UNICODE /D _AFXDLL /l"0x0804" /IDebug\ /nologo /fo"Debug\MFCApplication3.res" MFCApplication3.rc 
       Link:
         E:\vs\VC\bin\link.exe /ERRORREPORT:PROMPT /OUT:"C:\Users\82312\Documents\Visual Studio 2013\Projects\MFCApplication3\Debug\MFCApplication3.exe" /INCREMENTAL /NOLOGO /MANIFEST /MANIFESTUAC:"level='asInvoker' uiAccess='false'" /manifest:embed /manifestinput:E:\vs\VC\Include\Manifest\dpiaware.manifest /DEBUG /PDB:"C:\Users\82312\Documents\Visual Studio 2013\Projects\MFCApplication3\Debug\MFCApplication3.pdb" /SUBSYSTEM:WINDOWS /TLBID:1 /ENTRY:"wWinMainCRTStartup" /DYNAMICBASE /NXCOMPAT /IMPLIB:"C:\Users\82312\Documents\Visual Studio 2013\Projects\MFCApplication3\Debug\MFCApplication3.lib" /MACHINE:X86 Debug\MFCApplication3.res
         Debug\MFCApplication3.obj
         Debug\MFCApplication3Dlg.obj
         Debug\stdafx.obj
         MFCApplication3.vcxproj -> C:\Users\82312\Documents\Visual Studio 2013\Projects\MFCApplication3\Debug\MFCApplication3.exe
     1>已完成生成项目“C:\Users\82312\Documents\Visual Studio 2013\Projects\MFCApplication3\MFCApplication3\MFCApplication3.vcxproj”(Rebuild 个目标)的操作。

生成成功。

已用时间 00:00:04.38
