生成启动时间为 2018/8/31 17:04:31。
     1>项目“C:\Users\82312\documents\visual studio 2013\Projects\BSTree\BSTree\BSTree.vcxproj”在节点 2 上(Build 个目标)。
     1>ClCompile:
         E:\vs\VC\bin\CL.exe /c /ZI /nologo /W3 /WX- /sdl /Od /Oy- /D _MBCS /Gm /EHsc /RTC1 /MDd /GS /fp:precise /Zc:wchar_t /Zc:forScope /Fo"Debug\\" /Fd"Debug\vc120.pdb" /Gd /TC /analyze- /errorReport:prompt BSTree.c
         BSTree.c
     1>c:\users\82312\documents\visual studio 2013\projects\bstree\bstree\bstree.c(21): warning C4033: “InsertBSTreeNode”必须返回值
     1>c:\users\82312\documents\visual studio 2013\projects\bstree\bstree\bstree.c(130): warning C4029: 声明的形参表不同于定义
     1>c:\users\82312\documents\visual studio 2013\projects\bstree\bstree\bstree.c(161): warning C4098: “InsertBSTreeNodeNor”:“void”函数返回值
     1>c:\users\82312\documents\visual studio 2013\projects\bstree\bstree\bstree.c(163): warning C4098: “InsertBSTreeNodeNor”:“void”函数返回值
     1>c:\users\82312\documents\visual studio 2013\projects\bstree\bstree\bstree.c(174): warning C4098: “DeleteBSTreeNodeNor”:“void”函数返回值
     1>c:\users\82312\documents\visual studio 2013\projects\bstree\bstree\bstree.c(176): warning C4098: “DeleteBSTreeNodeNor”:“void”函数返回值
     1>c:\users\82312\documents\visual studio 2013\projects\bstree\bstree\bstree.c(200): warning C4098: “DeleteBSTreeNodeNor”:“void”函数返回值
     1>c:\users\82312\documents\visual studio 2013\projects\bstree\bstree\bstree.c(38): warning C4715: “InsertBSTreeNode”: 不是所有的控件路径都返回值
       Link:
         E:\vs\VC\bin\link.exe /ERRORREPORT:PROMPT /OUT:"C:\Users\82312\documents\visual studio 2013\Projects\BSTree\Debug\BSTree.exe" /INCREMENTAL /NOLOGO kernel32.lib user32.lib gdi32.lib winspool.lib comdlg32.lib advapi32.lib shell32.lib ole32.lib oleaut32.lib uuid.lib odbc32.lib odbccp32.lib /MANIFEST /MANIFESTUAC:"level='asInvoker' uiAccess='false'" /manifest:embed /DEBUG /PDB:"C:\Users\82312\documents\visual studio 2013\Projects\BSTree\Debug\BSTree.pdb" /SUBSYSTEM:CONSOLE /TLBID:1 /DYNAMICBASE /NXCOMPAT /IMPLIB:"C:\Users\82312\documents\visual studio 2013\Projects\BSTree\Debug\BSTree.lib" /MACHINE:X86 Debug\BSTree.obj
         Debug\test.obj
         BSTree.vcxproj -> C:\Users\82312\documents\visual studio 2013\Projects\BSTree\Debug\BSTree.exe
     1>已完成生成项目“C:\Users\82312\documents\visual studio 2013\Projects\BSTree\BSTree\BSTree.vcxproj”(Build 个目标)的操作。

生成成功。

已用时间 00:00:00.38
